<?xml version="1.0" encoding="UTF-8"?>
<testsuite xmlns:xsi="http://www.w3.org/2001/XMLSchema-instance" xsi:noNamespaceSchemaLocation="https://maven.apache.org/surefire/maven-surefire-plugin/xsd/surefire-test-report-3.0.xsd" version="3.0" name="com.example.review.TestFunctions" time="0.984" tests="30" errors="1" skipped="0" failures="0">
  <properties>
[...]
</properties>
  <testcase name="testInsertStringValidWithSpaceAndHyphen" classname="com.example.review.TestFunctions" time="0.161"/>
  <testcase name="testGenerateMarksArrayCorrectValues" classname="com.example.review.TestFunctions" time="0.648"/>
  <testcase name="testBtnBackupActionPerformed_databaseConnectionFailure" classname="com.example.review.TestFunctions" time="0"/>
  <testcase name="testBtnResetActionPerformed_successfulReset" classname="com.example.review.TestFunctions" time="0"/>
  <testcase name="testValidateInput_invalidStudentID" classname="com.example.review.TestFunctions" time="0.001"/>
  <testcase name="testBtnBackupActionPerformed_successfulBackup" classname="com.example.review.TestFunctions" time="0"/>
  <testcase name="testIsStudentIDExist_existingID" classname="com.example.review.TestFunctions" time="0"/>
  <testcase name="testInsertStringValidInput" classname="com.example.review.TestFunctions" time="0.001"/>
  <testcase name="testBtnResetActionPerformed_resultsDisplayCleared" classname="com.example.review.TestFunctions" time="0.001"/>
  <testcase name="testBtnRemoveActionPerformed_successfulRemoval" classname="com.example.review.TestFunctions" time="0"/>
  <testcase name="testBtnAddActionPerformed_duplicateStudentID" classname="com.example.review.TestFunctions" time="0"/>
  <testcase name="testBtnCalculateActionPerformed_nullOrMissingMarks" classname="com.example.review.TestFunctions" time="0.001"/>
  <testcase name="testBtnAddActionPerformed_missingFields" classname="com.example.review.TestFunctions" time="0"/>
  <testcase name="testBtnAddActionPerformed_invalidMarksArray" classname="com.example.review.TestFunctions" time="0"/>
  <testcase name="testValidateInput_invalidMobileNumber" classname="com.example.review.TestFunctions" time="0.001"/>
  <testcase name="testDisplayModulesValidSelection" classname="com.example.review.TestFunctions" time="0.074"/>
  <testcase name="testBtnAddActionPerformed_successfulAddition" classname="com.example.review.TestFunctions" time="0.001"/>
  <testcase name="testBtnCalculateActionPerformed_degreeClassificationLevel6" classname="com.example.review.TestFunctions" time="0.001"/>
  <testcase name="testBtnCalculateActionPerformed_averageCalculationLevel4And5" classname="com.example.review.TestFunctions" time="0"/>
  <testcase name="testBtnCalculateActionPerformed_zeroMarksHandling" classname="com.example.review.TestFunctions" time="0"/>
  <testcase name="testValidateInput_validData" classname="com.example.review.TestFunctions" time="0"/>
  <testcase name="testBtnRemoveActionPerformed_databaseDeletionVerification" classname="com.example.review.TestFunctions" time="0.001"/>
  <testcase name="testValidateInput_invalidDOBFormat" classname="com.example.review.TestFunctions" time="0"/>
  <testcase name="testValidateInput_invalidEmailAddress" classname="com.example.review.TestFunctions" time="0"/>
  <testcase name="testBtnRemoveActionPerformed_noRowSelected" classname="com.example.review.TestFunctions" time="0.001"/>
  <testcase name="testDisplayModules_emptyModulesArray" classname="com.example.review.TestFunctions" time="0.001">
    <error type="java.lang.Error"><![CDATA[java.lang.Error: 
Unresolved compilation problems: 
	level4Modules cannot be resolved
	cboCourse cannot be resolved
	cboCourse cannot be resolved
	cboLevel cannot be resolved
	cboLevel cannot be resolved
	The method displayModules() is undefined for the type TestFunctions
	moduleDisplay cannot be resolved

	at com.example.review.TestFunctions.testDisplayModules_emptyModulesArray(TestFunctions.java:166)
]]></error>
  </testcase>
  <testcase name="testGenerateMarksArraySize" classname="com.example.review.TestFunctions" time="0.069">
    <system-err><![CDATA[Exception in thread "AWT-EventQueue-0" java.lang.NullPointerException: Cannot invoke "javax.swing.plaf.synth.SynthStyle.getPainter(javax.swing.plaf.synth.SynthContext)" because the return value of "javax.swing.plaf.synth.SynthContext.getStyle()" is null
	at java.desktop/javax.swing.plaf.synth.SynthContext.getPainter(SynthContext.java:151)
	at java.desktop/javax.swing.plaf.synth.SynthLabelUI.update(SynthLabelUI.java:178)
	at java.desktop/javax.swing.JComponent.paintComponent(JComponent.java:852)
	at java.desktop/javax.swing.JComponent.paint(JComponent.java:1128)
	at java.desktop/javax.swing.border.TitledBorder.paintBorder(TitledBorder.java:365)
	at java.desktop/javax.swing.JComponent.paintBorder(JComponent.java:1021)
	at java.desktop/javax.swing.JComponent.paint(JComponent.java:1129)
	at java.desktop/javax.swing.JComponent.paintToOffscreen(JComponent.java:5318)
	at java.desktop/javax.swing.RepaintManager$PaintManager.paintDoubleBufferedImpl(RepaintManager.java:1656)
	at java.desktop/javax.swing.RepaintManager$PaintManager.paintDoubleBuffered(RepaintManager.java:1631)
	at java.desktop/javax.swing.RepaintManager$PaintManager.paint(RepaintManager.java:1569)
	at java.desktop/javax.swing.RepaintManager.paint(RepaintManager.java:1336)
	at java.desktop/javax.swing.JComponent._paintImmediately(JComponent.java:5266)
	at java.desktop/javax.swing.JComponent.paintImmediately(JComponent.java:5076)
	at java.desktop/javax.swing.RepaintManager$4.run(RepaintManager.java:878)
	at java.desktop/javax.swing.RepaintManager$4.run(RepaintManager.java:861)
	at java.base/java.security.AccessController.doPrivileged(AccessController.java:400)
	at java.base/java.security.ProtectionDomain$JavaSecurityAccessImpl.doIntersectionPrivilege(ProtectionDomain.java:87)
	at java.desktop/javax.swing.RepaintManager.paintDirtyRegions(RepaintManager.java:861)
	at java.desktop/javax.swing.RepaintManager.paintDirtyRegions(RepaintManager.java:834)
	at java.desktop/javax.swing.RepaintManager.prePaintDirtyRegions(RepaintManager.java:784)
	at java.desktop/javax.swing.RepaintManager$ProcessingRunnable.run(RepaintManager.java:1897)
	at java.desktop/java.awt.event.InvocationEvent.dispatch(InvocationEvent.java:318)
	at java.desktop/java.awt.EventQueue.dispatchEventImpl(EventQueue.java:773)
	at java.desktop/java.awt.EventQueue$4.run(EventQueue.java:720)
	at java.desktop/java.awt.EventQueue$4.run(EventQueue.java:714)
	at java.base/java.security.AccessController.doPrivileged(AccessController.java:400)
	at java.base/java.security.ProtectionDomain$JavaSecurityAccessImpl.doIntersectionPrivilege(ProtectionDomain.java:87)
	at java.desktop/java.awt.EventQueue.dispatchEvent(EventQueue.java:742)
	at java.desktop/java.awt.EventDispatchThread.pumpOneEventForFilters(EventDispatchThread.java:203)
	at java.desktop/java.awt.EventDispatchThread.pumpEventsForFilter(EventDispatchThread.java:124)
	at java.desktop/java.awt.EventDispatchThread.pumpEventsForHierarchy(EventDispatchThread.java:113)
	at java.desktop/java.awt.EventDispatchThread.pumpEvents(EventDispatchThread.java:109)
	at java.desktop/java.awt.EventDispatchThread.pumpEvents(EventDispatchThread.java:101)
	at java.desktop/java.awt.EventDispatchThread.run(EventDispatchThread.java:90)
]]></system-err>
  </testcase>
  <testcase name="testValidateInput_invalidNameFormat" classname="com.example.review.TestFunctions" time="0.001"/>
  <testcase name="testBtnBackupActionPerformed_emptyStudentList" classname="com.example.review.TestFunctions" time="0"/>
  <testcase name="testIsStudentIDExist_nonExistingID" classname="com.example.review.TestFunctions" time="0.001"/>
</testsuite>