-------------------------------------------------------------------------------
Test set: TestFunctions
-------------------------------------------------------------------------------
Tests run: 1, Failures: 0, Errors: 1, Skipped: 0, Time elapsed: 0.002 s <<< FAILURE! - in TestFunctions
TestFunctions  Time elapsed: 0.002 s  <<< ERROR!
java.lang.TypeNotPresentException: Type PowerMockExtension not present
Caused by: java.lang.ClassNotFoundException: PowerMockExtension

