<?xml version="1.0" encoding="UTF-8"?>
<testsuite xmlns:xsi="http://www.w3.org/2001/XMLSchema-instance" xsi:noNamespaceSchemaLocation="https://maven.apache.org/surefire/maven-surefire-plugin/xsd/surefire-test-report-3.0.xsd" version="3.0" name="com.example.review.TestFunctions" time="0.975" tests="30" errors="0" skipped="0" failures="0">
  <properties>
[...]
</properties>
  <testcase name="testInsertStringValidWithSpaceAndHyphen" classname="com.example.review.TestFunctions" time="0.154"/>
  <testcase name="testGenerateMarksArrayCorrectValues" classname="com.example.review.TestFunctions" time="0.651"/>
  <testcase name="testBtnBackupActionPerformed_databaseConnectionFailure" classname="com.example.review.TestFunctions" time="0"/>
  <testcase name="testBtnResetActionPerformed_successfulReset" classname="com.example.review.TestFunctions" time="0"/>
  <testcase name="testValidateInput_invalidStudentID" classname="com.example.review.TestFunctions" time="0"/>
  <testcase name="testBtnBackupActionPerformed_successfulBackup" classname="com.example.review.TestFunctions" time="0"/>
  <testcase name="testIsStudentIDExist_existingID" classname="com.example.review.TestFunctions" time="0.001"/>
  <testcase name="testInsertStringValidInput" classname="com.example.review.TestFunctions" time="0.001"/>
  <testcase name="testBtnResetActionPerformed_resultsDisplayCleared" classname="com.example.review.TestFunctions" time="0"/>
  <testcase name="testBtnRemoveActionPerformed_successfulRemoval" classname="com.example.review.TestFunctions" time="0"/>
  <testcase name="testBtnAddActionPerformed_duplicateStudentID" classname="com.example.review.TestFunctions" time="0"/>
  <testcase name="testBtnCalculateActionPerformed_nullOrMissingMarks" classname="com.example.review.TestFunctions" time="0"/>
  <testcase name="testBtnAddActionPerformed_missingFields" classname="com.example.review.TestFunctions" time="0"/>
  <testcase name="testBtnAddActionPerformed_invalidMarksArray" classname="com.example.review.TestFunctions" time="0"/>
  <testcase name="testValidateInput_invalidMobileNumber" classname="com.example.review.TestFunctions" time="0"/>
  <testcase name="testDisplayModulesValidSelection" classname="com.example.review.TestFunctions" time="0.07"/>
  <testcase name="testBtnAddActionPerformed_successfulAddition" classname="com.example.review.TestFunctions" time="0"/>
  <testcase name="testBtnCalculateActionPerformed_degreeClassificationLevel6" classname="com.example.review.TestFunctions" time="0"/>
  <testcase name="testBtnCalculateActionPerformed_averageCalculationLevel4And5" classname="com.example.review.TestFunctions" time="0"/>
  <testcase name="testBtnCalculateActionPerformed_zeroMarksHandling" classname="com.example.review.TestFunctions" time="0"/>
  <testcase name="testValidateInput_validData" classname="com.example.review.TestFunctions" time="0.001"/>
  <testcase name="testBtnRemoveActionPerformed_databaseDeletionVerification" classname="com.example.review.TestFunctions" time="0"/>
  <testcase name="testValidateInput_invalidDOBFormat" classname="com.example.review.TestFunctions" time="0.001"/>
  <testcase name="testValidateInput_invalidEmailAddress" classname="com.example.review.TestFunctions" time="0"/>
  <testcase name="testBtnRemoveActionPerformed_noRowSelected" classname="com.example.review.TestFunctions" time="0"/>
  <testcase name="testDisplayModules_emptyModulesArray" classname="com.example.review.TestFunctions" time="0.033"/>
  <testcase name="testGenerateMarksArraySize" classname="com.example.review.TestFunctions" time="0.04"/>
  <testcase name="testValidateInput_invalidNameFormat" classname="com.example.review.TestFunctions" time="0.001"/>
  <testcase name="testBtnBackupActionPerformed_emptyStudentList" classname="com.example.review.TestFunctions" time="0"/>
  <testcase name="testIsStudentIDExist_nonExistingID" classname="com.example.review.TestFunctions" time="0.001"/>
</testsuite>